<?xml version="1.0" encoding="UTF-8"?>
<!-- Generated by org.testng.reporters.JUnitXMLReporter -->
<testsuite ignored="2" hostname="CatherineAbello" failures="5" tests="5" name="Test(failed)" time="75.892" errors="0" timestamp="2026-05-01T17:24:22 PST">
  <testcase classname="testCases.Testing" name="testCase1" time="13.305">
    <failure type="java.lang.IllegalArgumentException" message="Element must be set">
      <![CDATA[java.lang.IllegalArgumentException: Element must be set
at org.openqa.selenium.internal.Require.nonNull(Require.java:68)
at org.openqa.selenium.interactions.PointerInput$Origin.fromElement(PointerInput.java:278)
at org.openqa.selenium.interactions.Actions.moveInTicks(Actions.java:350)
at org.openqa.selenium.interactions.Actions.moveToElement(Actions.java:329)
at pageObject.LandingPage.selectDiscount(LandingPage.java:32)
at testCases.Testing.testCase1(Testing.java:32)
at java.base/java.util.ArrayList.forEach(ArrayList.java:1596)
... Removed 29 stack frames]]>
    </failure>
  </testcase> <!-- testCase1 -->
  <testcase classname="testCases.Testing" name="testCase1" time="13.737">
    <failure type="java.lang.IllegalArgumentException" message="Element must be set">
      <![CDATA[java.lang.IllegalArgumentException: Element must be set
at org.openqa.selenium.internal.Require.nonNull(Require.java:68)
at org.openqa.selenium.interactions.PointerInput$Origin.fromElement(PointerInput.java:278)
at org.openqa.selenium.interactions.Actions.moveInTicks(Actions.java:350)
at org.openqa.selenium.interactions.Actions.moveToElement(Actions.java:329)
at pageObject.LandingPage.selectDiscount(LandingPage.java:32)
at testCases.Testing.testCase1(Testing.java:32)
at java.base/java.util.ArrayList.forEach(ArrayList.java:1596)
... Removed 29 stack frames]]>
    </failure>
  </testcase> <!-- testCase1 -->
  <testcase classname="testCases.Testing" name="testCase1" time="12.883">
    <failure type="java.lang.IllegalArgumentException" message="Element must be set">
      <![CDATA[java.lang.IllegalArgumentException: Element must be set
at org.openqa.selenium.internal.Require.nonNull(Require.java:68)
at org.openqa.selenium.interactions.PointerInput$Origin.fromElement(PointerInput.java:278)
at org.openqa.selenium.interactions.Actions.moveInTicks(Actions.java:350)
at org.openqa.selenium.interactions.Actions.moveToElement(Actions.java:329)
at pageObject.LandingPage.selectDiscount(LandingPage.java:32)
at testCases.Testing.testCase1(Testing.java:32)
at java.base/java.util.ArrayList.forEach(ArrayList.java:1596)
... Removed 29 stack frames]]>
    </failure>
  </testcase> <!-- testCase1 -->
  <testcase classname="testCases.Testing" name="testCase1" time="10.335">
    <failure type="java.lang.IllegalArgumentException" message="Element must be set">
      <![CDATA[java.lang.IllegalArgumentException: Element must be set
at org.openqa.selenium.internal.Require.nonNull(Require.java:68)
at org.openqa.selenium.interactions.PointerInput$Origin.fromElement(PointerInput.java:278)
at org.openqa.selenium.interactions.Actions.moveInTicks(Actions.java:350)
at org.openqa.selenium.interactions.Actions.moveToElement(Actions.java:329)
at pageObject.LandingPage.selectDiscount(LandingPage.java:32)
at testCases.Testing.testCase1(Testing.java:32)
at java.base/java.util.ArrayList.forEach(ArrayList.java:1596)
... Removed 29 stack frames]]>
    </failure>
  </testcase> <!-- testCase1 -->
  <testcase classname="testCases.Testing" name="testCase1" time="12.921">
    <failure type="java.lang.IllegalArgumentException" message="Element must be set">
      <![CDATA[java.lang.IllegalArgumentException: Element must be set
at org.openqa.selenium.internal.Require.nonNull(Require.java:68)
at org.openqa.selenium.interactions.PointerInput$Origin.fromElement(PointerInput.java:278)
at org.openqa.selenium.interactions.Actions.moveInTicks(Actions.java:350)
at org.openqa.selenium.interactions.Actions.moveToElement(Actions.java:329)
at pageObject.LandingPage.selectDiscount(LandingPage.java:32)
at testCases.Testing.testCase1(Testing.java:32)
at java.base/java.util.ArrayList.forEach(ArrayList.java:1596)
... Removed 29 stack frames]]>
    </failure>
  </testcase> <!-- testCase1 -->
  <testcase classname="testCases.Testing" name="testCase3" time="0.0">
    <ignored/>
  </testcase> <!-- testCase3 -->
  <testcase classname="testCases.Testing" name="testCase2" time="0.0">
    <ignored/>
  </testcase> <!-- testCase2 -->
</testsuite> <!-- Test(failed) -->
