<?xml version="1.0" encoding="UTF-8"?>
<!-- Generated by org.testng.reporters.JUnitXMLReporter -->
<testsuite ignored="2" hostname="CatherineAbello" failures="0" tests="1" name="Test" time="6.738" errors="0" timestamp="2026-04-24T02:50:06 EDT">
  <testcase classname="testCases.Testing" name="testCase2" time="2.104"/>
  <testcase classname="testCases.Testing" name="testCase1" time="0.0">
    <ignored/>
  </testcase> <!-- testCase1 -->
  <testcase classname="testCases.Testing" name="testCase3" time="0.0">
    <ignored/>
  </testcase> <!-- testCase3 -->
</testsuite> <!-- Test -->
