<?xml version="1.0" encoding="UTF-8"?>
<testng-results ignored="2" total="3" passed="1" failed="0" skipped="0">
  <reporter-output>
  </reporter-output>
  <suite started-at="2026-05-01T15:26:33 PST" name="Suite" finished-at="2026-05-01T15:26:41 PST" duration-ms="7783">
    <groups>
      <group name="Smoke">
        <method signature="Testing.testCase3()[pri:0, instance:testCases.Testing@7334aada]" name="testCase3" class="testCases.Testing"/>
      </group> <!-- Smoke -->
    </groups>
    <test started-at="2026-05-01T15:26:33 PST" name="Test" finished-at="2026-05-01T15:26:41 PST" duration-ms="7783">
      <class name="testCases.Testing">
        <test-method is-config="true" signature="launchBrowser()[pri:0, instance:testCases.Testing@7334aada]" started-at="2026-05-01T15:26:33 PST" name="launchBrowser" finished-at="2026-05-01T15:26:38 PST" duration-ms="4978" status="PASS">
          <reporter-output>
          </reporter-output>
        </test-method> <!-- launchBrowser -->
        <test-method signature="testCase3()[pri:0, instance:testCases.Testing@7334aada]" started-at="2026-05-01T15:26:38 PST" name="testCase3" finished-at="2026-05-01T15:26:40 PST" duration-ms="2403" status="PASS">
          <reporter-output>
          </reporter-output>
        </test-method> <!-- testCase3 -->
        <test-method is-config="true" signature="tearDown()[pri:0, instance:testCases.Testing@7334aada]" started-at="2026-05-01T15:26:40 PST" name="tearDown" finished-at="2026-05-01T15:26:41 PST" duration-ms="331" status="PASS">
          <reporter-output>
          </reporter-output>
        </test-method> <!-- tearDown -->
      </class> <!-- testCases.Testing -->
    </test> <!-- Test -->
  </suite> <!-- Suite -->
</testng-results>
