<?xml version="1.0" encoding="UTF-8"?>
<testng-results ignored="2" total="3" passed="1" failed="0" skipped="0">
  <reporter-output>
  </reporter-output>
  <suite started-at="2026-04-24T02:50:00 EDT" name="Suite" finished-at="2026-04-24T02:50:06 EDT" duration-ms="6738">
    <groups>
      <group name="Sanity">
        <method signature="Testing.testCase2()[pri:0, instance:testCases.Testing@3b69e7d1]" name="testCase2" class="testCases.Testing"/>
      </group> <!-- Sanity -->
    </groups>
    <test started-at="2026-04-24T02:50:00 EDT" name="Test" finished-at="2026-04-24T02:50:06 EDT" duration-ms="6738">
      <class name="testCases.Testing">
        <test-method is-config="true" signature="launchBrowser()[pri:0, instance:testCases.Testing@3b69e7d1]" started-at="2026-04-24T02:50:00 EDT" name="launchBrowser" finished-at="2026-04-24T02:50:04 EDT" duration-ms="4261" status="PASS">
          <reporter-output>
          </reporter-output>
        </test-method> <!-- launchBrowser -->
        <test-method signature="testCase2()[pri:0, instance:testCases.Testing@3b69e7d1]" started-at="2026-04-24T02:50:04 EDT" name="testCase2" finished-at="2026-04-24T02:50:06 EDT" duration-ms="2104" status="PASS">
          <reporter-output>
          </reporter-output>
        </test-method> <!-- testCase2 -->
        <test-method is-config="true" signature="tearDown()[pri:0, instance:testCases.Testing@3b69e7d1]" started-at="2026-04-24T02:50:06 EDT" name="tearDown" finished-at="2026-04-24T02:50:06 EDT" duration-ms="297" status="PASS">
          <reporter-output>
          </reporter-output>
        </test-method> <!-- tearDown -->
      </class> <!-- testCases.Testing -->
    </test> <!-- Test -->
  </suite> <!-- Suite -->
</testng-results>
