<?xml version="1.0" encoding="UTF-8"?>
<!-- Generated by org.testng.reporters.JUnitReportReporter -->
<testsuite hostname="CatherineAbello" failures="0" tests="5" name="testCases.Testing" time="25.758" errors="0" timestamp="2026-04-29T12:43:22 PST" skipped="0">
  <testcase classname="testCases.Testing" name="testCase1" time="3.522"/>
  <testcase classname="testCases.Testing" name="testCase1" time="3.558"/>
  <testcase classname="testCases.Testing" name="testCase1" time="4.288"/>
  <testcase classname="testCases.Testing" name="testCase1" time="10.584"/>
  <testcase classname="testCases.Testing" name="testCase1" time="3.806"/>
</testsuite> <!-- testCases.Testing -->
